# JRE version: Java(TM) SE Runtime Environment (8.0_31-b13) (build 1.8.0_31-b13)
# Java VM: Java HotSpot(TM) 64-Bit Server VM (25.31-b07 mixed mode linux-amd64 compressed oops)
Heap:
 PSYoungGen      total 323584K, used 0K [0x00000000eab00000, 0x0000000100000000, 0x0000000100000000)
  eden space 303104K, 0% used [0x00000000eab00000,0x00000000eab00000,0x00000000fd300000)
  from space 20480K, 0% used [0x00000000fec00000,0x00000000fec00000,0x0000000100000000)
  to   space 23040K, 0% used [0x00000000fd300000,0x00000000fd300000,0x00000000fe980000)
 ParOldGen       total 59392K, used 43475K [0x00000000c0000000, 0x00000000c3a00000, 0x00000000eab00000)
  object space 59392K, 73% used [0x00000000c0000000,0x00000000c2a74c28,0x00000000c3a00000)
 Metaspace       used 7732K, capacity 8190K, committed 8448K, reserved 1056768K
  class space    used 710K, capacity 753K, committed 768K, reserved 1048576K
GC Heap History (10 events):
Event: 5.089 GC heap after
Heap after GC invocations=11 (full 0):
 PSYoungGen      total 206848K, used 9666K [0x00000000eab00000, 0x00000000ff400000, 0x0000000100000000)
  eden space 193024K, 0% used [0x00000000eab00000,0x00000000eab00000,0x00000000f6780000)
  from space 13824K, 69% used [0x00000000f6780000,0x00000000f70f0a30,0x00000000f7500000)
  to   space 13824K, 0% used [0x00000000fe680000,0x00000000fe680000,0x00000000ff400000)
 ParOldGen       total 42496K, used 38940K [0x00000000c0000000, 0x00000000c2980000, 0x00000000eab00000)
  object space 42496K, 91% used [0x00000000c0000000,0x00000000c2607060,0x00000000c2980000)
 Metaspace       used 7719K, capacity 8190K, committed 8448K, reserved 1056768K
  class space    used 710K, capacity 753K, committed 768K, reserved 1048576K
}
Event: 5.089 GC heap before
{Heap before GC invocations=12 (full 1):
 PSYoungGen      total 206848K, used 9666K [0x00000000eab00000, 0x00000000ff400000, 0x0000000100000000)
  eden space 193024K, 0% used [0x00000000eab00000,0x00000000eab00000,0x00000000f6780000)
  from space 13824K, 69% used [0x00000000f6780000,0x00000000f70f0a30,0x00000000f7500000)
  to   space 13824K, 0% used [0x00000000fe680000,0x00000000fe680000,0x00000000ff400000)
 ParOldGen       total 42496K, used 38940K [0x00000000c0000000, 0x00000000c2980000, 0x00000000eab00000)
  object space 42496K, 91% used [0x00000000c0000000,0x00000000c2607060,0x00000000c2980000)
 Metaspace       used 7719K, capacity 8190K, committed 8448K, reserved 1056768K
  class space    used 710K, capacity 753K, committed 768K, reserved 1048576K
Event: 5.299 GC heap after
Heap after GC invocations=12 (full 1):
 PSYoungGen      total 206848K, used 0K [0x00000000eab00000, 0x00000000ff400000, 0x0000000100000000)
  eden space 193024K, 0% used [0x00000000eab00000,0x00000000eab00000,0x00000000f6780000)
  from space 13824K, 0% used [0x00000000f6780000,0x00000000f6780000,0x00000000f7500000)
  to   space 13824K, 0% used [0x00000000fe680000,0x00000000fe680000,0x00000000ff400000)
 ParOldGen       total 59392K, used 27654K [0x00000000c0000000, 0x00000000c3a00000, 0x00000000eab00000)
  object space 59392K, 46% used [0x00000000c0000000,0x00000000c1b018f0,0x00000000c3a00000)
 Metaspace       used 7719K, capacity 8190K, committed 8448K, reserved 1056768K
  class space    used 710K, capacity 753K, committed 768K, reserved 1048576K
}
Event: 5.669 GC heap before
{Heap before GC invocations=13 (full 1):
 PSYoungGen      total 206848K, used 193024K [0x00000000eab00000, 0x00000000ff400000, 0x0000000100000000)
  eden space 193024K, 100% used [0x00000000eab00000,0x00000000f6780000,0x00000000f6780000)
  from space 13824K, 0% used [0x00000000f6780000,0x00000000f6780000,0x00000000f7500000)
  to   space 13824K, 0% used [0x00000000fe680000,0x00000000fe680000,0x00000000ff400000)
 ParOldGen       total 59392K, used 27654K [0x00000000c0000000, 0x00000000c3a00000, 0x00000000eab00000)
  object space 59392K, 46% used [0x00000000c0000000,0x00000000c1b018f0,0x00000000c3a00000)
 Metaspace       used 7726K, capacity 8190K, committed 8448K, reserved 1056768K
  class space    used 710K, capacity 753K, committed 768K, reserved 1048576K
Event: 5.679 GC heap after
Heap after GC invocations=13 (full 1):
 PSYoungGen      total 264704K, used 13821K [0x00000000eab00000, 0x00000000ff400000, 0x0000000100000000)
  eden space 250880K, 0% used [0x00000000eab00000,0x00000000eab00000,0x00000000fa000000)
  from space 13824K, 99% used [0x00000000fe680000,0x00000000ff3ff640,0x00000000ff400000)
  to   space 18944K, 0% used [0x00000000fcf00000,0x00000000fcf00000,0x00000000fe180000)
 ParOldGen       total 59392K, used 35654K [0x00000000c0000000, 0x00000000c3a00000, 0x00000000eab00000)
  object space 59392K, 60% used [0x00000000c0000000,0x00000000c22d1a68,0x00000000c3a00000)
 Metaspace       used 7726K, capacity 8190K, committed 8448K, reserved 1056768K
  class space    used 710K, capacity 753K, committed 768K, reserved 1048576K
}
Event: 6.188 GC heap before
{Heap before GC invocations=14 (full 1):
 PSYoungGen      total 264704K, used 264701K [0x00000000eab00000, 0x00000000ff400000, 0x0000000100000000)
  eden space 250880K, 100% used [0x00000000eab00000,0x00000000fa000000,0x00000000fa000000)
  from space 13824K, 99% used [0x00000000fe680000,0x00000000ff3ff640,0x00000000ff400000)
  to   space 18944K, 0% used [0x00000000fcf00000,0x00000000fcf00000,0x00000000fe180000)
 ParOldGen       total 59392K, used 35654K [0x00000000c0000000, 0x00000000c3a00000, 0x00000000eab00000)
  object space 59392K, 60% used [0x00000000c0000000,0x00000000c22d1a68,0x00000000c3a00000)
 Metaspace       used 7730K, capacity 8190K, committed 8448K, reserved 1056768K
  class space    used 710K, capacity 753K, committed 768K, reserved 1048576K
Event: 6.215 GC heap after
Heap after GC invocations=14 (full 1):
 PSYoungGen      total 317952K, used 16313K [0x00000000eab00000, 0x0000000100000000, 0x0000000100000000)
  eden space 299008K, 0% used [0x00000000eab00000,0x00000000eab00000,0x00000000fcf00000)
  from space 18944K, 86% used [0x00000000fcf00000,0x00000000fdeee500,0x00000000fe180000)
  to   space 20480K, 0% used [0x00000000fec00000,0x00000000fec00000,0x0000000100000000)
 ParOldGen       total 59392K, used 42168K [0x00000000c0000000, 0x00000000c3a00000, 0x00000000eab00000)
  object space 59392K, 71% used [0x00000000c0000000,0x00000000c292e288,0x00000000c3a00000)
 Metaspace       used 7730K, capacity 8190K, committed 8448K, reserved 1056768K
  class space    used 710K, capacity 753K, committed 768K, reserved 1048576K
}
Event: 8.244 GC heap before
{Heap before GC invocations=15 (full 1):
 PSYoungGen      total 317952K, used 315321K [0x00000000eab00000, 0x0000000100000000, 0x0000000100000000)
  eden space 299008K, 100% used [0x00000000eab00000,0x00000000fcf00000,0x00000000fcf00000)
  from space 18944K, 86% used [0x00000000fcf00000,0x00000000fdeee500,0x00000000fe180000)
  to   space 20480K, 0% used [0x00000000fec00000,0x00000000fec00000,0x0000000100000000)
 ParOldGen       total 59392K, used 42168K [0x00000000c0000000, 0x00000000c3a00000, 0x00000000eab00000)
  object space 59392K, 71% used [0x00000000c0000000,0x00000000c292e288,0x00000000c3a00000)
 Metaspace       used 7732K, capacity 8190K, committed 8448K, reserved 1056768K
  class space    used 710K, capacity 753K, committed 768K, reserved 1048576K
Event: 9.193 GC heap after
Heap after GC invocations=15 (full 1):
 PSYoungGen      total 323584K, used 19098K [0x00000000eab00000, 0x0000000100000000, 0x0000000100000000)
  eden space 303104K, 0% used [0x00000000eab00000,0x00000000eab00000,0x00000000fd300000)
  from space 20480K, 93% used [0x00000000fec00000,0x00000000ffea6848,0x0000000100000000)
  to   space 23040K, 0% used [0x00000000fd300000,0x00000000fd300000,0x00000000fe980000)
 ParOldGen       total 59392K, used 50266K [0x00000000c0000000, 0x00000000c3a00000, 0x00000000eab00000)
  object space 59392K, 84% used [0x00000000c0000000,0x00000000c31169b0,0x00000000c3a00000)
 Metaspace       used 7732K, capacity 8190K, committed 8448K, reserved 1056768K
  class space    used 710K, capacity 753K, committed 768K, reserved 1048576K
}
Event: 9.210 GC heap before
{Heap before GC invocations=16 (full 2):
 PSYoungGen      total 323584K, used 19098K [0x00000000eab00000, 0x0000000100000000, 0x0000000100000000)
  eden space 303104K, 0% used [0x00000000eab00000,0x00000000eab00000,0x00000000fd300000)
  from space 20480K, 93% used [0x00000000fec00000,0x00000000ffea6848,0x0000000100000000)
  to   space 23040K, 0% used [0x00000000fd300000,0x00000000fd300000,0x00000000fe980000)
 ParOldGen       total 59392K, used 50266K [0x00000000c0000000, 0x00000000c3a00000, 0x00000000eab00000)
  object space 59392K, 84% used [0x00000000c0000000,0x00000000c31169b0,0x00000000c3a00000)
 Metaspace       used 7732K, capacity 8190K, committed 8448K, reserved 1056768K
  class space    used 710K, capacity 753K, committed 768K, reserved 1048576K

