# JRE version: Java(TM) SE Runtime Environment (8.0_31-b13) (build 1.8.0_31-b13)
# Java VM: Java HotSpot(TM) 64-Bit Server VM (25.31-b07 mixed mode linux-amd64 compressed oops)
Heap:
 PSYoungGen      total 205312K, used 8240K [0x00000000eab00000, 0x00000000f8180000, 0x0000000100000000)
  eden space 191488K, 0% used [0x00000000eab00000,0x00000000eab00000,0x00000000f6600000)
  from space 13824K, 59% used [0x00000000f6600000,0x00000000f6e0c3f0,0x00000000f7380000)
  to   space 13312K, 0% used [0x00000000f7380000,0x00000000f7380000,0x00000000f8080000)
 ParOldGen       total 42496K, used 28380K [0x00000000c0000000, 0x00000000c2980000, 0x00000000eab00000)
  object space 42496K, 66% used [0x00000000c0000000,0x00000000c1bb72d8,0x00000000c2980000)
 Metaspace       used 7698K, capacity 8190K, committed 8448K, reserved 1056768K
  class space    used 710K, capacity 753K, committed 768K, reserved 1048576K
GC Heap History (10 events):
Event: 3.401 GC heap after
Heap after GC invocations=6 (full 0):
 PSYoungGen      total 68608K, used 8187K [0x00000000eab00000, 0x00000000eff00000, 0x0000000100000000)
  eden space 60416K, 0% used [0x00000000eab00000,0x00000000eab00000,0x00000000ee600000)
  from space 8192K, 99% used [0x00000000ef100000,0x00000000ef8fec08,0x00000000ef900000)
  to   space 11264K, 0% used [0x00000000ee600000,0x00000000ee600000,0x00000000ef100000)
 ParOldGen       total 42496K, used 19445K [0x00000000c0000000, 0x00000000c2980000, 0x00000000eab00000)
  object space 42496K, 45% used [0x00000000c0000000,0x00000000c12fd750,0x00000000c2980000)
 Metaspace       used 6814K, capacity 7632K, committed 7936K, reserved 1056768K
  class space    used 625K, capacity 648K, committed 768K, reserved 1048576K
}
Event: 4.292 GC heap before
{Heap before GC invocations=7 (full 0):
 PSYoungGen      total 68608K, used 66869K [0x00000000eab00000, 0x00000000eff00000, 0x0000000100000000)
  eden space 60416K, 97% used [0x00000000eab00000,0x00000000ee44e920,0x00000000ee600000)
  from space 8192K, 99% used [0x00000000ef100000,0x00000000ef8fec08,0x00000000ef900000)
  to   space 11264K, 0% used [0x00000000ee600000,0x00000000ee600000,0x00000000ef100000)
 ParOldGen       total 42496K, used 19445K [0x00000000c0000000, 0x00000000c2980000, 0x00000000eab00000)
  object space 42496K, 45% used [0x00000000c0000000,0x00000000c12fd750,0x00000000c2980000)
 Metaspace       used 7558K, capacity 8184K, committed 8448K, reserved 1056768K
  class space    used 701K, capacity 752K, committed 768K, reserved 1048576K
Event: 4.321 GC heap after
Heap after GC invocations=7 (full 0):
 PSYoungGen      total 71680K, used 9363K [0x00000000eab00000, 0x00000000f3900000, 0x0000000100000000)
  eden space 60416K, 0% used [0x00000000eab00000,0x00000000eab00000,0x00000000ee600000)
  from space 11264K, 83% used [0x00000000ee600000,0x00000000eef24c78,0x00000000ef100000)
  to   space 12288K, 0% used [0x00000000f2d00000,0x00000000f2d00000,0x00000000f3900000)
 ParOldGen       total 42496K, used 20313K [0x00000000c0000000, 0x00000000c2980000, 0x00000000eab00000)
  object space 42496K, 47% used [0x00000000c0000000,0x00000000c13d66b0,0x00000000c2980000)
 Metaspace       used 7558K, capacity 8184K, committed 8448K, reserved 1056768K
  class space    used 701K, capacity 752K, committed 768K, reserved 1048576K
}
Event: 4.696 GC heap before
{Heap before GC invocations=8 (full 0):
 PSYoungGen      total 71680K, used 69779K [0x00000000eab00000, 0x00000000f3900000, 0x0000000100000000)
  eden space 60416K, 100% used [0x00000000eab00000,0x00000000ee600000,0x00000000ee600000)
  from space 11264K, 83% used [0x00000000ee600000,0x00000000eef24c78,0x00000000ef100000)
  to   space 12288K, 0% used [0x00000000f2d00000,0x00000000f2d00000,0x00000000f3900000)
 ParOldGen       total 42496K, used 20313K [0x00000000c0000000, 0x00000000c2980000, 0x00000000eab00000)
  object space 42496K, 47% used [0x00000000c0000000,0x00000000c13d66b0,0x00000000c2980000)
 Metaspace       used 7656K, capacity 8190K, committed 8448K, reserved 1056768K
  class space    used 710K, capacity 753K, committed 768K, reserved 1048576K
Event: 4.746 GC heap after
Heap after GC invocations=8 (full 0):
 PSYoungGen      total 132096K, used 11307K [0x00000000eab00000, 0x00000000f3b00000, 0x0000000100000000)
  eden space 119808K, 0% used [0x00000000eab00000,0x00000000eab00000,0x00000000f2000000)
  from space 12288K, 92% used [0x00000000f2d00000,0x00000000f380ad20,0x00000000f3900000)
  to   space 13312K, 0% used [0x00000000f2000000,0x00000000f2000000,0x00000000f2d00000)
 ParOldGen       total 42496K, used 21020K [0x00000000c0000000, 0x00000000c2980000, 0x00000000eab00000)
  object space 42496K, 49% used [0x00000000c0000000,0x00000000c14871e0,0x00000000c2980000)
 Metaspace       used 7656K, capacity 8190K, committed 8448K, reserved 1056768K
  class space    used 710K, capacity 753K, committed 768K, reserved 1048576K
}
Event: 5.307 GC heap before
{Heap before GC invocations=9 (full 0):
 PSYoungGen      total 132096K, used 131115K [0x00000000eab00000, 0x00000000f3b00000, 0x0000000100000000)
  eden space 119808K, 100% used [0x00000000eab00000,0x00000000f2000000,0x00000000f2000000)
  from space 12288K, 92% used [0x00000000f2d00000,0x00000000f380ad20,0x00000000f3900000)
  to   space 13312K, 0% used [0x00000000f2000000,0x00000000f2000000,0x00000000f2d00000)
 ParOldGen       total 42496K, used 21020K [0x00000000c0000000, 0x00000000c2980000, 0x00000000eab00000)
  object space 42496K, 49% used [0x00000000c0000000,0x00000000c14871e0,0x00000000c2980000)
 Metaspace       used 7689K, capacity 8190K, committed 8448K, reserved 1056768K
  class space    used 710K, capacity 753K, committed 768K, reserved 1048576K
Event: 5.841 GC heap after
Heap after GC invocations=9 (full 0):
 PSYoungGen      total 133120K, used 8372K [0x00000000eab00000, 0x00000000f8080000, 0x0000000100000000)
  eden space 119808K, 0% used [0x00000000eab00000,0x00000000eab00000,0x00000000f2000000)
  from space 13312K, 62% used [0x00000000f2000000,0x00000000f282d0b8,0x00000000f2d00000)
  to   space 13312K, 0% used [0x00000000f7380000,0x00000000f7380000,0x00000000f8080000)
 ParOldGen       total 42496K, used 27692K [0x00000000c0000000, 0x00000000c2980000, 0x00000000eab00000)
  object space 42496K, 65% used [0x00000000c0000000,0x00000000c1b0b2a8,0x00000000c2980000)
 Metaspace       used 7689K, capacity 8190K, committed 8448K, reserved 1056768K
  class space    used 710K, capacity 753K, committed 768K, reserved 1048576K
}
Event: 6.162 GC heap before
{Heap before GC invocations=10 (full 0):
 PSYoungGen      total 133120K, used 128180K [0x00000000eab00000, 0x00000000f8080000, 0x0000000100000000)
  eden space 119808K, 100% used [0x00000000eab00000,0x00000000f2000000,0x00000000f2000000)
  from space 13312K, 62% used [0x00000000f2000000,0x00000000f282d0b8,0x00000000f2d00000)
  to   space 13312K, 0% used [0x00000000f7380000,0x00000000f7380000,0x00000000f8080000)
 ParOldGen       total 42496K, used 27692K [0x00000000c0000000, 0x00000000c2980000, 0x00000000eab00000)
  object space 42496K, 65% used [0x00000000c0000000,0x00000000c1b0b2a8,0x00000000c2980000)
 Metaspace       used 7693K, capacity 8190K, committed 8448K, reserved 1056768K
  class space    used 710K, capacity 753K, committed 768K, reserved 1048576K
Event: 6.206 GC heap after
Heap after GC invocations=10 (full 0):
 PSYoungGen      total 204800K, used 10949K [0x00000000eab00000, 0x00000000f8180000, 0x0000000100000000)
  eden space 191488K, 0% used [0x00000000eab00000,0x00000000eab00000,0x00000000f6600000)
  from space 13312K, 82% used [0x00000000f7380000,0x00000000f7e31790,0x00000000f8080000)
  to   space 13824K, 0% used [0x00000000f6600000,0x00000000f6600000,0x00000000f7380000)
 ParOldGen       total 42496K, used 28372K [0x00000000c0000000, 0x00000000c2980000, 0x00000000eab00000)
  object space 42496K, 66% used [0x00000000c0000000,0x00000000c1bb52d8,0x00000000c2980000)
 Metaspace       used 7693K, capacity 8190K, committed 8448K, reserved 1056768K
  class space    used 710K, capacity 753K, committed 768K, reserved 1048576K
}
Event: 6.951 GC heap before
{Heap before GC invocations=11 (full 0):
 PSYoungGen      total 204800K, used 202437K [0x00000000eab00000, 0x00000000f8180000, 0x0000000100000000)
  eden space 191488K, 100% used [0x00000000eab00000,0x00000000f6600000,0x00000000f6600000)
  from space 13312K, 82% used [0x00000000f7380000,0x00000000f7e31790,0x00000000f8080000)
  to   space 13824K, 0% used [0x00000000f6600000,0x00000000f6600000,0x00000000f7380000)
 ParOldGen       total 42496K, used 28372K [0x00000000c0000000, 0x00000000c2980000, 0x00000000eab00000)
  object space 42496K, 66% used [0x00000000c0000000,0x00000000c1bb52d8,0x00000000c2980000)
 Metaspace       used 7698K, capacity 8190K, committed 8448K, reserved 1056768K
  class space    used 710K, capacity 753K, committed 768K, reserved 1048576K

